2025-11-07 22:19:34.597 [main] INFO  [sessionId=NO_SESSION]
            [reqId=] [traceId=] [spanId=] [parentSpan=]
            [uri=] [method=] [status=]
            [duration=ms] [clientIp=] [userAgent=]
            c.c.p.p.ProductServiceApplication - Starting ProductServiceApplication using Java 21.0.9 with PID 3272 (C:\mzdev\cloudx-java-azure-dev\petstore\petstoreproductservice\target\classes started by PrajjwalPandey in C:\mzdev\cloudx-java-azure-dev\petstore\petstoreproductservice)
2025-11-07 22:19:34.602 [main] INFO  [sessionId=NO_SESSION]
            [reqId=] [traceId=] [spanId=] [parentSpan=]
            [uri=] [method=] [status=]
            [duration=ms] [clientIp=] [userAgent=]
            c.c.p.p.ProductServiceApplication - No active profile set, falling back to 1 default profile: "default"
2025-11-07 22:19:38.206 [main] INFO  [sessionId=NO_SESSION]
            [reqId=] [traceId=] [spanId=] [parentSpan=]
            [uri=] [method=] [status=]
            [duration=ms] [clientIp=] [userAgent=]
            o.s.b.w.e.tomcat.TomcatWebServer - Tomcat initialized with port 8082 (http)
2025-11-07 22:19:38.237 [main] INFO  [sessionId=NO_SESSION]
            [reqId=] [traceId=] [spanId=] [parentSpan=]
            [uri=] [method=] [status=]
            [duration=ms] [clientIp=] [userAgent=]
            o.a.catalina.core.StandardService - Starting service [Tomcat]
2025-11-07 22:19:38.237 [main] INFO  [sessionId=NO_SESSION]
            [reqId=] [traceId=] [spanId=] [parentSpan=]
            [uri=] [method=] [status=]
            [duration=ms] [clientIp=] [userAgent=]
            o.a.catalina.core.StandardEngine - Starting Servlet engine: [Apache Tomcat/10.1.41]
2025-11-07 22:19:38.364 [main] INFO  [sessionId=NO_SESSION]
            [reqId=] [traceId=] [spanId=] [parentSpan=]
            [uri=] [method=] [status=]
            [duration=ms] [clientIp=] [userAgent=]
            o.a.c.c.C.[Tomcat].[localhost].[/] - Initializing Spring embedded WebApplicationContext
2025-11-07 22:19:38.365 [main] INFO  [sessionId=NO_SESSION]
            [reqId=] [traceId=] [spanId=] [parentSpan=]
            [uri=] [method=] [status=]
            [duration=ms] [clientIp=] [userAgent=]
            o.s.b.w.s.c.ServletWebServerApplicationContext - Root WebApplicationContext: initialization completed in 3616 ms
2025-11-07 22:19:40.742 [main] INFO  [sessionId=NO_SESSION]
            [reqId=] [traceId=] [spanId=] [parentSpan=]
            [uri=] [method=] [status=]
            [duration=ms] [clientIp=] [userAgent=]
            o.s.b.a.e.web.EndpointLinksResolver - Exposing 2 endpoints beneath base path '/actuator'
2025-11-07 22:19:40.957 [main] INFO  [sessionId=NO_SESSION]
            [reqId=] [traceId=] [spanId=] [parentSpan=]
            [uri=] [method=] [status=]
            [duration=ms] [clientIp=] [userAgent=]
            o.s.b.w.e.tomcat.TomcatWebServer - Tomcat started on port 8082 (http) with context path '/'
2025-11-07 22:19:40.998 [main] INFO  [sessionId=NO_SESSION]
            [reqId=] [traceId=] [spanId=] [parentSpan=]
            [uri=] [method=] [status=]
            [duration=ms] [clientIp=] [userAgent=]
            c.c.p.p.ProductServiceApplication - Started ProductServiceApplication in 8.069 seconds (process running for 9.271)
2025-11-07 22:21:24.112 [http-nio-8082-exec-1] INFO  [sessionId=NO_SESSION]
            [reqId=] [traceId=] [spanId=] [parentSpan=]
            [uri=] [method=] [status=]
            [duration=ms] [clientIp=] [userAgent=]
            o.a.c.c.C.[Tomcat].[localhost].[/] - Initializing Spring DispatcherServlet 'dispatcherServlet'
2025-11-07 22:21:24.113 [http-nio-8082-exec-1] INFO  [sessionId=NO_SESSION]
            [reqId=] [traceId=] [spanId=] [parentSpan=]
            [uri=] [method=] [status=]
            [duration=ms] [clientIp=] [userAgent=]
            o.s.web.servlet.DispatcherServlet - Initializing Servlet 'dispatcherServlet'
2025-11-07 22:21:24.114 [http-nio-8082-exec-1] INFO  [sessionId=NO_SESSION]
            [reqId=] [traceId=] [spanId=] [parentSpan=]
            [uri=] [method=] [status=]
            [duration=ms] [clientIp=] [userAgent=]
            o.s.web.servlet.DispatcherServlet - Completed initialization in 1 ms
2025-11-07 22:21:47.949 [http-nio-8082-exec-5] INFO  [sessionId=2BCA874F99AF82A564E034DC800B8317]
            [reqId=421934a2] [traceId=2201e8bef41749eba959f018b327f1cb] [spanId=83a8aee8-f1ae-4e] [parentSpan=]
            [uri=/petstoreproductservice/v2/product/findByStatus] [method=GET] [status=]
            [duration=ms] [clientIp=127.0.0.1] [userAgent=Java/21.0.9]
            c.c.p.p.controller.ProductController - Received GET request to /petstoreproductservice/v2/product/findByStatus with status: [available]
2025-11-07 22:21:47.952 [http-nio-8082-exec-5] INFO  [sessionId=2BCA874F99AF82A564E034DC800B8317]
            [reqId=421934a2] [traceId=2201e8bef41749eba959f018b327f1cb] [spanId=83a8aee8-f1ae-4e] [parentSpan=]
            [uri=/petstoreproductservice/v2/product/findByStatus] [method=GET] [status=]
            [duration=ms] [clientIp=127.0.0.1] [userAgent=Java/21.0.9]
            c.c.p.product.service.ProductService - Finding products with status: [available]
2025-11-07 22:21:47.953 [http-nio-8082-exec-5] INFO  [sessionId=2BCA874F99AF82A564E034DC800B8317]
            [reqId=421934a2] [traceId=2201e8bef41749eba959f018b327f1cb] [spanId=83a8aee8-f1ae-4e] [parentSpan=]
            [uri=/petstoreproductservice/v2/product/findByStatus] [method=GET] [status=]
            [duration=ms] [clientIp=127.0.0.1] [userAgent=Java/21.0.9]
            c.c.p.p.controller.ProductController - Successfully found 11 products with status: [available]
2025-11-07 22:21:50.670 [http-nio-8082-exec-6] INFO  [sessionId=2BCA874F99AF82A564E034DC800B8317]
            [reqId=de716382] [traceId=e170ecb835ee445ba9be5b7f50665780] [spanId=4394d27b-ca02-47] [parentSpan=]
            [uri=/petstoreproductservice/v2/product/findByStatus] [method=GET] [status=]
            [duration=ms] [clientIp=127.0.0.1] [userAgent=Java/21.0.9]
            c.c.p.p.controller.ProductController - Received GET request to /petstoreproductservice/v2/product/findByStatus with status: [available]
2025-11-07 22:21:50.670 [http-nio-8082-exec-6] INFO  [sessionId=2BCA874F99AF82A564E034DC800B8317]
            [reqId=de716382] [traceId=e170ecb835ee445ba9be5b7f50665780] [spanId=4394d27b-ca02-47] [parentSpan=]
            [uri=/petstoreproductservice/v2/product/findByStatus] [method=GET] [status=]
            [duration=ms] [clientIp=127.0.0.1] [userAgent=Java/21.0.9]
            c.c.p.product.service.ProductService - Finding products with status: [available]
2025-11-07 22:21:50.670 [http-nio-8082-exec-6] INFO  [sessionId=2BCA874F99AF82A564E034DC800B8317]
            [reqId=de716382] [traceId=e170ecb835ee445ba9be5b7f50665780] [spanId=4394d27b-ca02-47] [parentSpan=]
            [uri=/petstoreproductservice/v2/product/findByStatus] [method=GET] [status=]
            [duration=ms] [clientIp=127.0.0.1] [userAgent=Java/21.0.9]
            c.c.p.p.controller.ProductController - Successfully found 11 products with status: [available]
