2025-11-08 12:44:06.904 [main] INFO  [sessionId=NO_SESSION]
            [reqId=] [traceId=] [spanId=] [parentSpan=]
            [uri=] [method=] [status=]
            [duration=ms] [clientIp=] [userAgent=]
            c.c.p.p.ProductServiceApplication - Starting ProductServiceApplication using Java 21.0.9 with PID 9496 (C:\mzdev\cloudx-java-azure-dev\petstore\petstoreproductservice\target\classes started by PrajjwalPandey in C:\mzdev\cloudx-java-azure-dev\petstore\petstoreproductservice)
2025-11-08 12:44:06.926 [main] INFO  [sessionId=NO_SESSION]
            [reqId=] [traceId=] [spanId=] [parentSpan=]
            [uri=] [method=] [status=]
            [duration=ms] [clientIp=] [userAgent=]
            c.c.p.p.ProductServiceApplication - No active profile set, falling back to 1 default profile: "default"
2025-11-08 12:44:10.424 [main] INFO  [sessionId=NO_SESSION]
            [reqId=] [traceId=] [spanId=] [parentSpan=]
            [uri=] [method=] [status=]
            [duration=ms] [clientIp=] [userAgent=]
            o.s.b.w.e.tomcat.TomcatWebServer - Tomcat initialized with port 8082 (http)
2025-11-08 12:44:10.440 [main] INFO  [sessionId=NO_SESSION]
            [reqId=] [traceId=] [spanId=] [parentSpan=]
            [uri=] [method=] [status=]
            [duration=ms] [clientIp=] [userAgent=]
            o.a.catalina.core.StandardService - Starting service [Tomcat]
2025-11-08 12:44:10.440 [main] INFO  [sessionId=NO_SESSION]
            [reqId=] [traceId=] [spanId=] [parentSpan=]
            [uri=] [method=] [status=]
            [duration=ms] [clientIp=] [userAgent=]
            o.a.catalina.core.StandardEngine - Starting Servlet engine: [Apache Tomcat/10.1.41]
2025-11-08 12:44:10.555 [main] INFO  [sessionId=NO_SESSION]
            [reqId=] [traceId=] [spanId=] [parentSpan=]
            [uri=] [method=] [status=]
            [duration=ms] [clientIp=] [userAgent=]
            o.a.c.c.C.[Tomcat].[localhost].[/] - Initializing Spring embedded WebApplicationContext
2025-11-08 12:44:10.555 [main] INFO  [sessionId=NO_SESSION]
            [reqId=] [traceId=] [spanId=] [parentSpan=]
            [uri=] [method=] [status=]
            [duration=ms] [clientIp=] [userAgent=]
            o.s.b.w.s.c.ServletWebServerApplicationContext - Root WebApplicationContext: initialization completed in 3280 ms
2025-11-08 12:44:12.385 [main] INFO  [sessionId=NO_SESSION]
            [reqId=] [traceId=] [spanId=] [parentSpan=]
            [uri=] [method=] [status=]
            [duration=ms] [clientIp=] [userAgent=]
            o.s.b.a.e.web.EndpointLinksResolver - Exposing 2 endpoints beneath base path '/actuator'
2025-11-08 12:44:12.572 [main] INFO  [sessionId=NO_SESSION]
            [reqId=] [traceId=] [spanId=] [parentSpan=]
            [uri=] [method=] [status=]
            [duration=ms] [clientIp=] [userAgent=]
            o.s.b.w.e.tomcat.TomcatWebServer - Tomcat started on port 8082 (http) with context path '/'
2025-11-08 12:44:12.619 [main] INFO  [sessionId=NO_SESSION]
            [reqId=] [traceId=] [spanId=] [parentSpan=]
            [uri=] [method=] [status=]
            [duration=ms] [clientIp=] [userAgent=]
            c.c.p.p.ProductServiceApplication - Started ProductServiceApplication in 7.929 seconds (process running for 9.28)
